<?xml version="1.0" encoding="UTF-8"?>
<!-- Generated by org.testng.reporters.JUnitReportReporter -->
<testsuite hostname="DESKTOP-08MK2PB" failures="0" tests="6" name="homePageTests.TestHomePage" time="10.005" errors="0" timestamp="2022-03-02T16:56:57 CET" skipped="0">
  <testcase classname="homePageTests.TestHomePage" name="interactionsButton" time="1.259"/>
  <system-out/>
  <testcase classname="homePageTests.TestHomePage" name="formsButton" time="1.721"/>
  <system-out/>
  <testcase classname="homePageTests.TestHomePage" name="alertsFrameWindowsButton" time="0.923"/>
  <system-out/>
  <testcase classname="homePageTests.TestHomePage" name="elementsButton" time="3.666"/>
  <system-out/>
  <testcase classname="homePageTests.TestHomePage" name="bookStoreApplicationButton" time="1.268"/>
  <system-out/>
  <testcase classname="homePageTests.TestHomePage" name="widgetsButton" time="1.168"/>
  <system-out/>
</testsuite> <!-- homePageTests.TestHomePage -->
